{"C:\\Users\\Edderson\\Documents\\KunaiSoft\\cursos\\TDD-CleanCode\\src\\errors\\invalid-arg.ts": {"path":"C:\\Users\\Edderson\\Documents\\KunaiSoft\\cursos\\TDD-CleanCode\\src\\errors\\invalid-arg.ts","statementMap":{"0":{"start":{"line":3,"column":8},"end":{"line":3,"column":null}},"1":{"start":{"line":2,"column":23},"end":{"line":2,"column":34}},"2":{"start":{"line":1,"column":0},"end":{"line":1,"column":13}}},"fnMap":{"0":{"name":"(anonymous_0)","decl":{"start":{"line":2,"column":4},"end":{"line":2,"column":23}},"loc":{"start":{"line":2,"column":34},"end":{"line":4,"column":5}}}},"branchMap":{},"s":{"0":2,"1":2,"2":1},"f":{"0":2},"b":{}}
,"C:\\Users\\Edderson\\Documents\\KunaiSoft\\cursos\\TDD-CleanCode\\src\\protocols\\protocols-http.ts": {"path":"C:\\Users\\Edderson\\Documents\\KunaiSoft\\cursos\\TDD-CleanCode\\src\\protocols\\protocols-http.ts","statementMap":{"0":{"start":{"line":1,"column":0},"end":{"line":1,"column":48}},"1":{"start":{"line":2,"column":0},"end":{"line":2,"column":56}},"2":{"start":{"line":6,"column":8},"end":{"line":8,"column":null}},"3":{"start":{"line":7,"column":12},"end":{"line":7,"column":null}},"4":{"start":{"line":9,"column":8},"end":{"line":9,"column":null}},"5":{"start":{"line":4,"column":0},"end":{"line":4,"column":13}},"6":{"start":{"line":15,"column":8},"end":{"line":15,"column":null}},"7":{"start":{"line":13,"column":0},"end":{"line":13,"column":13}}},"fnMap":{"0":{"name":"(anonymous_0)","decl":{"start":{"line":5,"column":11},"end":{"line":5,"column":17}},"loc":{"start":{"line":5,"column":39},"end":{"line":10,"column":5}}},"1":{"name":"(anonymous_1)","decl":{"start":{"line":14,"column":11},"end":{"line":14,"column":17}},"loc":{"start":{"line":14,"column":38},"end":{"line":16,"column":5}}}},"branchMap":{"0":{"loc":{"start":{"line":6,"column":8},"end":{"line":8,"column":null}},"type":"if","locations":[{"start":{"line":6,"column":8},"end":{"line":8,"column":null}}]}},"s":{"0":1,"1":1,"2":3,"3":1,"4":2,"5":1,"6":2,"7":1},"f":{"0":3,"1":2},"b":{"0":[1]}}
}
