{"C:\\Users\\Edderson\\Documents\\KunaiSoft\\cursos\\TDD-CleanCode\\src\\models\\food-model.ts": {"path":"C:\\Users\\Edderson\\Documents\\KunaiSoft\\cursos\\TDD-CleanCode\\src\\models\\food-model.ts","statementMap":{"0":{"start":{"line":3,"column":33},"end":{"line":3,"column":45}},"1":{"start":{"line":3,"column":64},"end":{"line":3,"column":82}},"2":{"start":{"line":3,"column":101},"end":{"line":3,"column":114}},"3":{"start":{"line":6,"column":8},"end":{"line":6,"column":null}},"4":{"start":{"line":9,"column":8},"end":{"line":9,"column":null}},"5":{"start":{"line":12,"column":8},"end":{"line":12,"column":null}},"6":{"start":{"line":1,"column":0},"end":{"line":1,"column":13}}},"fnMap":{"0":{"name":"(anonymous_0)","decl":{"start":{"line":3,"column":4},"end":{"line":3,"column":33}},"loc":{"start":{"line":3,"column":114},"end":{"line":3,"column":117}}},"1":{"name":"(anonymous_1)","decl":{"start":{"line":5,"column":4},"end":{"line":5,"column":11}},"loc":{"start":{"line":5,"column":11},"end":{"line":7,"column":5}}},"2":{"name":"(anonymous_2)","decl":{"start":{"line":8,"column":4},"end":{"line":8,"column":18}},"loc":{"start":{"line":8,"column":18},"end":{"line":10,"column":5}}},"3":{"name":"(anonymous_3)","decl":{"start":{"line":11,"column":4},"end":{"line":11,"column":12}},"loc":{"start":{"line":11,"column":12},"end":{"line":13,"column":5}}}},"branchMap":{},"s":{"0":1,"1":1,"2":1,"3":1,"4":1,"5":1,"6":1},"f":{"0":1,"1":1,"2":1,"3":1},"b":{}}
}
